<?xml version="1.0" encoding="UTF-8"?>
<testsuite name="MapUserIntegrationTest" tests="5" skipped="0" failures="0" errors="0" timestamp="2023-12-18T18:54:16" hostname="Salahs-Macbook-Pro.local" time="0.03">
  <properties/>
  <testcase name="addBothToMapTest()" classname="MapUserIntegrationTest" time="0.023"/>
  <testcase name="mapTaxiLoggingTest()" classname="MapUserIntegrationTest" time="0.001"/>
  <testcase name="mapCustomerLoggingTest()" classname="MapUserIntegrationTest" time="0.001"/>
  <testcase name="addTaxiToMapTest()" classname="MapUserIntegrationTest" time="0.0"/>
  <testcase name="addCustomerToMapTest()" classname="MapUserIntegrationTest" time="0.001"/>
  <system-out><![CDATA[f82a4d8f-5c02-4551-a2ea-02f915e6d7b1 added
taxiTest added to x:1, y:1
24b8a479-b354-4a37-8f50-c7e5aec708a7 added
taxiOne added to x:0, y:3
taxiTwo added to x:4, y:4
taxiThree added to x:2, y:4
taxiTest added to x:1, y:1
60d61b0c-962a-4938-815f-d78f248e74f4 added
aec43c50-fe34-405a-83fa-62498486aa59 added
edc407ac-57fa-4b54-b5f0-1f728bd63f22 added
taxiTest added to x:1, y:1
6d02668a-0e9c-4187-bf1a-2c5b191a1684 added
]]></system-out>
  <system-err><![CDATA[]]></system-err>
</testsuite>
